Flutter crash report.
Please report a bug at https://github.com/flutter/flutter/issues.

## command

flutter run -d chrome --device-timeout 120

## exception

DartDevelopmentServiceException: DartDevelopmentServiceException: Failed to start Dart Development Service

```
```

## flutter doctor

```
[32m[✓][39m Flutter (Channel stable, 3.38.4, on Microsoft Windows [Versi¢n
    10.0.26200.8246], locale en-US) [1,942ms]
    [32m•[39m Flutter version 3.38.4 on channel stable at D:\flutter\flutter
    [32m•[39m Upstream repository https://github.com/flutter/flutter.git
    [32m•[39m Framework revision 66dd93f9a2 (5 months ago), 2025-12-03 14:56:10 -0800
    [32m•[39m Engine revision a5cb96369e
    [32m•[39m Dart version 3.10.3
    [32m•[39m DevTools version 2.51.1
    [32m•[39m Feature flags: enable-web, enable-linux-desktop, enable-macos-desktop,
      enable-windows-desktop, enable-android, enable-ios, cli-animations,
      enable-native-assets, omit-legacy-version-file, enable-lldb-debugging

[32m[✓][39m Windows Version (11 Home 64-bit, 25H2, 2009) [8.6s]

[32m[✓][39m Android toolchain - develop for Android devices (Android SDK version 36.1.0)
    [6.5s]
    [32m•[39m Android SDK at C:\Users\jhenn\AppData\Local\Android\Sdk
    [32m•[39m Emulator version 36.3.10.0 (build_id 14472402) (CL:N/A)
    [32m•[39m Platform android-36, build-tools 36.1.0
    [32m•[39m ANDROID_HOME = C:\dev\Android
    [32m•[39m Java binary at: C:\Program Files\Android\Android Studio\jbr\bin\java
      This is the JDK bundled with the latest Android Studio installation on
      this machine.
      To manually set the JDK path, use: `flutter config
      --jdk-dir="path/to/jdk"`.
    [32m•[39m Java version OpenJDK Runtime Environment (build 21.0.8+-14196175-b1038.72)
    [32m•[39m All Android licenses accepted.

[32m[✓][39m Chrome - develop for the web [1,444ms]
    [32m•[39m Chrome at C:\Program Files\Google\Chrome\Application\chrome.exe

[33m[!][39m Visual Studio - develop Windows apps (Visual Studio Community 2019 16.11.53)
    [1,443ms]
    [32m•[39m Visual Studio at C:\Program Files (x86)\Microsoft Visual
      Studio\2019\Community
    [32m•[39m Visual Studio Community 2019 version 16.11.36631.11
    [31m✗[39m Visual Studio is missing necessary components. Please re-run the Visual
      Studio installer for the "Desktop development with C++" workload, and
      include these components:
        MSVC v142 - VS 2019 C++ x64/x86 build tools
         - If there are multiple build tool versions available, install the
         latest
        C++ CMake tools for Windows
        Windows 10 SDK

[32m[✓][39m Connected device (4 available) [390ms]
    [32m•[39m 24117RN76L (mobile) • cyr8gexcdihqnndm • android-arm64  • Android 15 (API
      35)
    [32m•[39m Windows (desktop)   • windows          • windows-x64    • Microsoft
      Windows [Versi¢n 10.0.26200.8246]
    [32m•[39m Chrome (web)        • chrome           • web-javascript • Google Chrome
      147.0.7727.56
    [32m•[39m Edge (web)          • edge             • web-javascript • Microsoft Edge
      147.0.3912.60

[32m[✓][39m Network resources [831ms]
    [32m•[39m All expected network resources are available.

[33m![39m Doctor found issues in 1 category.
```
